This is pdfTeX, Version 3.1415926-2.4-1.40.13 (TeX Live 2012/Debian) (format=pdflatex 2013.11.7)  13 JUL 2014 13:38
entering extended mode
 restricted \write18 enabled.
 %&-line parsing enabled.
**tercerinforme.tex
(./tercerinforme.tex
LaTeX2e <2011/06/27>
Babel <v3.8m> and hyphenation patterns for english, dumylang, nohyphenation, et
hiopic, farsi, arabic, pinyin, croatian, bulgarian, ukrainian, russian, slovak,
 czech, danish, dutch, usenglishmax, ukenglish, finnish, french, basque, ngerma
n, german, swissgerman, ngerman-x-2012-05-30, german-x-2012-05-30, monogreek, g
reek, ibycus, ancientgreek, hungarian, bengali, tamil, hindi, telugu, gujarati,
 sanskrit, malayalam, kannada, assamese, marathi, oriya, panjabi, italian, lati
n, latvian, lithuanian, mongolian, mongolianlmc, nynorsk, bokmal, indonesian, e
speranto, coptic, welsh, irish, interlingua, serbian, serbianc, slovenian, friu
lan, romansh, estonian, romanian, armenian, uppersorbian, turkish, afrikaans, i
celandic, kurmanji, polish, portuguese, galician, catalan, spanish, swedish, th
ai, loaded.
(/usr/share/texlive/texmf-dist/tex/latex/base/article.cls
Document Class: article 2007/10/19 v1.4h Standard LaTeX document class
(/usr/share/texlive/texmf-dist/tex/latex/base/size10.clo
File: size10.clo 2007/10/19 v1.4h Standard LaTeX file (size option)
)
\c@part=\count79
\c@section=\count80
\c@subsection=\count81
\c@subsubsection=\count82
\c@paragraph=\count83
\c@subparagraph=\count84
\c@figure=\count85
\c@table=\count86
\abovecaptionskip=\skip41
\belowcaptionskip=\skip42
\bibindent=\dimen102
)
(/usr/share/texlive/texmf-dist/tex/latex/amsmath/amsmath.sty
Package: amsmath 2000/07/18 v2.13 AMS math features
\@mathmargin=\skip43

For additional information on amsmath, use the `?' option.
(/usr/share/texlive/texmf-dist/tex/latex/amsmath/amstext.sty
Package: amstext 2000/06/29 v2.01

(/usr/share/texlive/texmf-dist/tex/latex/amsmath/amsgen.sty
File: amsgen.sty 1999/11/30 v2.0
\@emptytoks=\toks14
\ex@=\dimen103
))
(/usr/share/texlive/texmf-dist/tex/latex/amsmath/amsbsy.sty
Package: amsbsy 1999/11/29 v1.2d
\pmbraise@=\dimen104
)
(/usr/share/texlive/texmf-dist/tex/latex/amsmath/amsopn.sty
Package: amsopn 1999/12/14 v2.01 operator names
)
\inf@bad=\count87
LaTeX Info: Redefining \frac on input line 211.
\uproot@=\count88
\leftroot@=\count89
LaTeX Info: Redefining \overline on input line 307.
\classnum@=\count90
\DOTSCASE@=\count91
LaTeX Info: Redefining \ldots on input line 379.
LaTeX Info: Redefining \dots on input line 382.
LaTeX Info: Redefining \cdots on input line 467.
\Mathstrutbox@=\box26
\strutbox@=\box27
\big@size=\dimen105
LaTeX Font Info:    Redeclaring font encoding OML on input line 567.
LaTeX Font Info:    Redeclaring font encoding OMS on input line 568.
\macc@depth=\count92
\c@MaxMatrixCols=\count93
\dotsspace@=\muskip10
\c@parentequation=\count94
\dspbrk@lvl=\count95
\tag@help=\toks15
\row@=\count96
\column@=\count97
\maxfields@=\count98
\andhelp@=\toks16
\eqnshift@=\dimen106
\alignsep@=\dimen107
\tagshift@=\dimen108
\tagwidth@=\dimen109
\totwidth@=\dimen110
\lineht@=\dimen111
\@envbody=\toks17
\multlinegap=\skip44
\multlinetaggap=\skip45
\mathdisplay@stack=\toks18
LaTeX Info: Redefining \[ on input line 2666.
LaTeX Info: Redefining \] on input line 2667.
)
(/usr/share/texlive/texmf-dist/tex/latex/colortbl/colortbl.sty
Package: colortbl 2012/02/13 v1.0a Color table columns (DPC)

(/usr/share/texlive/texmf-dist/tex/latex/tools/array.sty
Package: array 2008/09/09 v2.4c Tabular extension package (FMi)
\col@sep=\dimen112
\extrarowheight=\dimen113
\NC@list=\toks19
\extratabsurround=\skip46
\backup@length=\skip47
)
(/usr/share/texlive/texmf-dist/tex/latex/graphics/color.sty
Package: color 2005/11/14 v1.0j Standard LaTeX Color (DPC)

(/usr/share/texlive/texmf-dist/tex/latex/latexconfig/color.cfg
File: color.cfg 2007/01/18 v1.5 color configuration of teTeX/TeXLive
)
Package color Info: Driver file: pdftex.def on input line 130.

(/usr/share/texlive/texmf-dist/tex/latex/pdftex-def/pdftex.def
File: pdftex.def 2011/05/27 v0.06d Graphics/color for pdfTeX

(/usr/share/texlive/texmf-dist/tex/generic/oberdiek/infwarerr.sty
Package: infwarerr 2010/04/08 v1.3 Providing info/warning/error messages (HO)
)
(/usr/share/texlive/texmf-dist/tex/generic/oberdiek/ltxcmds.sty
Package: ltxcmds 2011/11/09 v1.22 LaTeX kernel commands for general use (HO)
)
\Gread@gobject=\count99
))
\everycr=\toks20
\minrowclearance=\skip48
)
(/usr/share/texlive/texmf-dist/tex/latex/base/inputenc.sty
Package: inputenc 2008/03/30 v1.1d Input encoding file
\inpenc@prehook=\toks21
\inpenc@posthook=\toks22

(/usr/share/texlive/texmf-dist/tex/latex/base/utf8.def
File: utf8.def 2008/04/05 v1.1m UTF-8 support for inputenc
Now handling font encoding OML ...
... no UTF-8 mapping file for font encoding OML
Now handling font encoding T1 ...
... processing UTF-8 mapping file for font encoding T1

(/usr/share/texlive/texmf-dist/tex/latex/base/t1enc.dfu
File: t1enc.dfu 2008/04/05 v1.1m UTF-8 support for inputenc
   defining Unicode char U+00A1 (decimal 161)
   defining Unicode char U+00A3 (decimal 163)
   defining Unicode char U+00AB (decimal 171)
   defining Unicode char U+00BB (decimal 187)
   defining Unicode char U+00BF (decimal 191)
   defining Unicode char U+00C0 (decimal 192)
   defining Unicode char U+00C1 (decimal 193)
   defining Unicode char U+00C2 (decimal 194)
   defining Unicode char U+00C3 (decimal 195)
   defining Unicode char U+00C4 (decimal 196)
   defining Unicode char U+00C5 (decimal 197)
   defining Unicode char U+00C6 (decimal 198)
   defining Unicode char U+00C7 (decimal 199)
   defining Unicode char U+00C8 (decimal 200)
   defining Unicode char U+00C9 (decimal 201)
   defining Unicode char U+00CA (decimal 202)
   defining Unicode char U+00CB (decimal 203)
   defining Unicode char U+00CC (decimal 204)
   defining Unicode char U+00CD (decimal 205)
   defining Unicode char U+00CE (decimal 206)
   defining Unicode char U+00CF (decimal 207)
   defining Unicode char U+00D0 (decimal 208)
   defining Unicode char U+00D1 (decimal 209)
   defining Unicode char U+00D2 (decimal 210)
   defining Unicode char U+00D3 (decimal 211)
   defining Unicode char U+00D4 (decimal 212)
   defining Unicode char U+00D5 (decimal 213)
   defining Unicode char U+00D6 (decimal 214)
   defining Unicode char U+00D8 (decimal 216)
   defining Unicode char U+00D9 (decimal 217)
   defining Unicode char U+00DA (decimal 218)
   defining Unicode char U+00DB (decimal 219)
   defining Unicode char U+00DC (decimal 220)
   defining Unicode char U+00DD (decimal 221)
   defining Unicode char U+00DE (decimal 222)
   defining Unicode char U+00DF (decimal 223)
   defining Unicode char U+00E0 (decimal 224)
   defining Unicode char U+00E1 (decimal 225)
   defining Unicode char U+00E2 (decimal 226)
   defining Unicode char U+00E3 (decimal 227)
   defining Unicode char U+00E4 (decimal 228)
   defining Unicode char U+00E5 (decimal 229)
   defining Unicode char U+00E6 (decimal 230)
   defining Unicode char U+00E7 (decimal 231)
   defining Unicode char U+00E8 (decimal 232)
   defining Unicode char U+00E9 (decimal 233)
   defining Unicode char U+00EA (decimal 234)
   defining Unicode char U+00EB (decimal 235)
   defining Unicode char U+00EC (decimal 236)
   defining Unicode char U+00ED (decimal 237)
   defining Unicode char U+00EE (decimal 238)
   defining Unicode char U+00EF (decimal 239)
   defining Unicode char U+00F0 (decimal 240)
   defining Unicode char U+00F1 (decimal 241)
   defining Unicode char U+00F2 (decimal 242)
   defining Unicode char U+00F3 (decimal 243)
   defining Unicode char U+00F4 (decimal 244)
   defining Unicode char U+00F5 (decimal 245)
   defining Unicode char U+00F6 (decimal 246)
   defining Unicode char U+00F8 (decimal 248)
   defining Unicode char U+00F9 (decimal 249)
   defining Unicode char U+00FA (decimal 250)
   defining Unicode char U+00FB (decimal 251)
   defining Unicode char U+00FC (decimal 252)
   defining Unicode char U+00FD (decimal 253)
   defining Unicode char U+00FE (decimal 254)
   defining Unicode char U+00FF (decimal 255)
   defining Unicode char U+0102 (decimal 258)
   defining Unicode char U+0103 (decimal 259)
   defining Unicode char U+0104 (decimal 260)
   defining Unicode char U+0105 (decimal 261)
   defining Unicode char U+0106 (decimal 262)
   defining Unicode char U+0107 (decimal 263)
   defining Unicode char U+010C (decimal 268)
   defining Unicode char U+010D (decimal 269)
   defining Unicode char U+010E (decimal 270)
   defining Unicode char U+010F (decimal 271)
   defining Unicode char U+0110 (decimal 272)
   defining Unicode char U+0111 (decimal 273)
   defining Unicode char U+0118 (decimal 280)
   defining Unicode char U+0119 (decimal 281)
   defining Unicode char U+011A (decimal 282)
   defining Unicode char U+011B (decimal 283)
   defining Unicode char U+011E (decimal 286)
   defining Unicode char U+011F (decimal 287)
   defining Unicode char U+0130 (decimal 304)
   defining Unicode char U+0131 (decimal 305)
   defining Unicode char U+0132 (decimal 306)
   defining Unicode char U+0133 (decimal 307)
   defining Unicode char U+0139 (decimal 313)
   defining Unicode char U+013A (decimal 314)
   defining Unicode char U+013D (decimal 317)
   defining Unicode char U+013E (decimal 318)
   defining Unicode char U+0141 (decimal 321)
   defining Unicode char U+0142 (decimal 322)
   defining Unicode char U+0143 (decimal 323)
   defining Unicode char U+0144 (decimal 324)
   defining Unicode char U+0147 (decimal 327)
   defining Unicode char U+0148 (decimal 328)
   defining Unicode char U+014A (decimal 330)
   defining Unicode char U+014B (decimal 331)
   defining Unicode char U+0150 (decimal 336)
   defining Unicode char U+0151 (decimal 337)
   defining Unicode char U+0152 (decimal 338)
   defining Unicode char U+0153 (decimal 339)
   defining Unicode char U+0154 (decimal 340)
   defining Unicode char U+0155 (decimal 341)
   defining Unicode char U+0158 (decimal 344)
   defining Unicode char U+0159 (decimal 345)
   defining Unicode char U+015A (decimal 346)
   defining Unicode char U+015B (decimal 347)
   defining Unicode char U+015E (decimal 350)
   defining Unicode char U+015F (decimal 351)
   defining Unicode char U+0160 (decimal 352)
   defining Unicode char U+0161 (decimal 353)
   defining Unicode char U+0162 (decimal 354)
   defining Unicode char U+0163 (decimal 355)
   defining Unicode char U+0164 (decimal 356)
   defining Unicode char U+0165 (decimal 357)
   defining Unicode char U+016E (decimal 366)
   defining Unicode char U+016F (decimal 367)
   defining Unicode char U+0170 (decimal 368)
   defining Unicode char U+0171 (decimal 369)
   defining Unicode char U+0178 (decimal 376)
   defining Unicode char U+0179 (decimal 377)
   defining Unicode char U+017A (decimal 378)
   defining Unicode char U+017B (decimal 379)
   defining Unicode char U+017C (decimal 380)
   defining Unicode char U+017D (decimal 381)
   defining Unicode char U+017E (decimal 382)
   defining Unicode char U+200C (decimal 8204)
   defining Unicode char U+2013 (decimal 8211)
   defining Unicode char U+2014 (decimal 8212)
   defining Unicode char U+2018 (decimal 8216)
   defining Unicode char U+2019 (decimal 8217)
   defining Unicode char U+201A (decimal 8218)
   defining Unicode char U+201C (decimal 8220)
   defining Unicode char U+201D (decimal 8221)
   defining Unicode char U+201E (decimal 8222)
   defining Unicode char U+2030 (decimal 8240)
   defining Unicode char U+2031 (decimal 8241)
   defining Unicode char U+2039 (decimal 8249)
   defining Unicode char U+203A (decimal 8250)
   defining Unicode char U+2423 (decimal 9251)
)
Now handling font encoding OT1 ...
... processing UTF-8 mapping file for font encoding OT1

(/usr/share/texlive/texmf-dist/tex/latex/base/ot1enc.dfu
File: ot1enc.dfu 2008/04/05 v1.1m UTF-8 support for inputenc
   defining Unicode char U+00A1 (decimal 161)
   defining Unicode char U+00A3 (decimal 163)
   defining Unicode char U+00B8 (decimal 184)
   defining Unicode char U+00BF (decimal 191)
   defining Unicode char U+00C5 (decimal 197)
   defining Unicode char U+00C6 (decimal 198)
   defining Unicode char U+00D8 (decimal 216)
   defining Unicode char U+00DF (decimal 223)
   defining Unicode char U+00E6 (decimal 230)
   defining Unicode char U+00EC (decimal 236)
   defining Unicode char U+00ED (decimal 237)
   defining Unicode char U+00EE (decimal 238)
   defining Unicode char U+00EF (decimal 239)
   defining Unicode char U+00F8 (decimal 248)
   defining Unicode char U+0131 (decimal 305)
   defining Unicode char U+0141 (decimal 321)
   defining Unicode char U+0142 (decimal 322)
   defining Unicode char U+0152 (decimal 338)
   defining Unicode char U+0153 (decimal 339)
   defining Unicode char U+2013 (decimal 8211)
   defining Unicode char U+2014 (decimal 8212)
   defining Unicode char U+2018 (decimal 8216)
   defining Unicode char U+2019 (decimal 8217)
   defining Unicode char U+201C (decimal 8220)
   defining Unicode char U+201D (decimal 8221)
)
Now handling font encoding OMS ...
... processing UTF-8 mapping file for font encoding OMS

(/usr/share/texlive/texmf-dist/tex/latex/base/omsenc.dfu
File: omsenc.dfu 2008/04/05 v1.1m UTF-8 support for inputenc
   defining Unicode char U+00A7 (decimal 167)
   defining Unicode char U+00B6 (decimal 182)
   defining Unicode char U+00B7 (decimal 183)
   defining Unicode char U+2020 (decimal 8224)
   defining Unicode char U+2021 (decimal 8225)
   defining Unicode char U+2022 (decimal 8226)
)
Now handling font encoding OMX ...
... no UTF-8 mapping file for font encoding OMX
Now handling font encoding U ...
... no UTF-8 mapping file for font encoding U
   defining Unicode char U+00A9 (decimal 169)
   defining Unicode char U+00AA (decimal 170)
   defining Unicode char U+00AE (decimal 174)
   defining Unicode char U+00BA (decimal 186)
   defining Unicode char U+02C6 (decimal 710)
   defining Unicode char U+02DC (decimal 732)
   defining Unicode char U+200C (decimal 8204)
   defining Unicode char U+2026 (decimal 8230)
   defining Unicode char U+2122 (decimal 8482)
   defining Unicode char U+2423 (decimal 9251)
))
(/usr/share/texlive/texmf-dist/tex/latex/tools/tabularx.sty
Package: tabularx 1999/01/07 v2.07 `tabularx' package (DPC)
\TX@col@width=\dimen114
\TX@old@table=\dimen115
\TX@old@col=\dimen116
\TX@target=\dimen117
\TX@delta=\dimen118
\TX@cols=\count100
\TX@ftn=\toks23
)
(/var/lib/texmf/tex/generic/babel/babel.sty
Package: babel 2008/07/08 v3.8m The Babel package

(/usr/share/texlive/texmf-dist/tex/generic/babel/spanish.ldf
Language: spanish.ldf 2011/10/06 v5.0k Spanish support from the babel system

(/usr/share/texlive/texmf-dist/tex/generic/babel/babel.def
File: babel.def 2008/07/08 v3.8m Babel common definitions
\babel@savecnt=\count101
\U@D=\dimen119
)
\es@datefmt=\count102
\es@quottoks=\toks24
\es@quotdepth=\count103
Package babel Info: Making " an active character on input line 496.
Package babel Info: Making . an active character on input line 599.
Package babel Info: Making < an active character on input line 644.
Package babel Info: Making > an active character on input line 644.
))
(/usr/share/texlive/texmf-dist/tex/latex/anysize/anysize.sty
Package: anysize 1994/08/13 setting margin sizes

document style option `anysize' loaded
Michael Salzenberg, Thomas Esser, Dirk Hillbrecht
Version 1.0, Aug 13, 1994
\@Leftmargin=\dimen120
\@Rightmargin=\dimen121
\@Topmargin=\dimen122
\@Bottommargin=\dimen123
) (/usr/share/texlive/texmf-dist/tex/latex/geometry/geometry.sty
Package: geometry 2010/09/12 v5.6 Page Geometry

(/usr/share/texlive/texmf-dist/tex/latex/graphics/keyval.sty
Package: keyval 1999/03/16 v1.13 key=value parser (DPC)
\KV@toks@=\toks25
)
(/usr/share/texlive/texmf-dist/tex/generic/oberdiek/ifpdf.sty
Package: ifpdf 2011/01/30 v2.3 Provides the ifpdf switch (HO)
Package ifpdf Info: pdfTeX in PDF mode is detected.
)
(/usr/share/texlive/texmf-dist/tex/generic/oberdiek/ifvtex.sty
Package: ifvtex 2010/03/01 v1.5 Detect VTeX and its facilities (HO)
Package ifvtex Info: VTeX not detected.
)
(/usr/share/texlive/texmf-dist/tex/generic/ifxetex/ifxetex.sty
Package: ifxetex 2010/09/12 v0.6 Provides ifxetex conditional
)
\Gm@cnth=\count104
\Gm@cntv=\count105
\c@Gm@tempcnt=\count106
\Gm@bindingoffset=\dimen124
\Gm@wd@mp=\dimen125
\Gm@odd@mp=\dimen126
\Gm@even@mp=\dimen127
\Gm@layoutwidth=\dimen128
\Gm@layoutheight=\dimen129
\Gm@layouthoffset=\dimen130
\Gm@layoutvoffset=\dimen131
\Gm@dimlist=\toks26
)
(/usr/share/texlive/texmf-dist/tex/latex/graphics/graphicx.sty
Package: graphicx 1999/02/16 v1.0f Enhanced LaTeX Graphics (DPC,SPQR)

(/usr/share/texlive/texmf-dist/tex/latex/graphics/graphics.sty
Package: graphics 2009/02/05 v1.0o Standard LaTeX Graphics (DPC,SPQR)

(/usr/share/texlive/texmf-dist/tex/latex/graphics/trig.sty
Package: trig 1999/03/16 v1.09 sin cos tan (DPC)
)
(/usr/share/texlive/texmf-dist/tex/latex/latexconfig/graphics.cfg
File: graphics.cfg 2010/04/23 v1.9 graphics configuration of TeX Live
)
Package graphics Info: Driver file: pdftex.def on input line 91.
)
\Gin@req@height=\dimen132
\Gin@req@width=\dimen133
)
(/usr/share/texlive/texmf-dist/tex/latex/float/float.sty
Package: float 2001/11/08 v1.3d Float enhancements (AL)
\c@float@type=\count107
\float@exts=\toks27
\float@box=\box28
\@float@everytoks=\toks28
\@floatcapt=\box29
)
(/usr/share/texlive/texmf-dist/tex/latex/fancyhdr/fancyhdr.sty
\fancy@headwidth=\skip49
\f@ncyO@elh=\skip50
\f@ncyO@erh=\skip51
\f@ncyO@olh=\skip52
\f@ncyO@orh=\skip53
\f@ncyO@elf=\skip54
\f@ncyO@erf=\skip55
\f@ncyO@olf=\skip56
\f@ncyO@orf=\skip57
)
(/usr/share/texlive/texmf-dist/tex/latex/appendix/appendix.sty
Package: appendix 2009/09/02 v1.2b extra appendix facilities
\c@@pps=\count108
\c@@ppsavesec=\count109
\c@@ppsaveapp=\count110
)
(/usr/share/texlive/texmf-dist/tex/latex/preprint/fullpage.sty
Package: fullpage 1999/02/23 1.1 (PWD)
\FP@margin=\skip58
)
(/usr/share/texlive/texmf-dist/tex/latex/amsfonts/amssymb.sty
Package: amssymb 2009/06/22 v3.00

(/usr/share/texlive/texmf-dist/tex/latex/amsfonts/amsfonts.sty
Package: amsfonts 2009/06/22 v3.00 Basic AMSFonts support
\symAMSa=\mathgroup4
\symAMSb=\mathgroup5
LaTeX Font Info:    Overwriting math alphabet `\mathfrak' in version `bold'
(Font)                  U/euf/m/n --> U/euf/b/n on input line 96.
))
(/usr/share/texlive/texmf-dist/tex/latex/amscls/amsthm.sty
Package: amsthm 2009/07/02 v2.20.1
\thm@style=\toks29
\thm@bodyfont=\toks30
\thm@headfont=\toks31
\thm@notefont=\toks32
\thm@headpunct=\toks33
\thm@preskip=\skip59
\thm@postskip=\skip60
\thm@headsep=\skip61
\dth@everypar=\toks34
)
(/usr/share/texlive/texmf-dist/tex/latex/amsmath/amscd.sty
Package: amscd 1999/11/29 v1.2d
\athelp@=\toks35
\minaw@=\dimen134
\bigaw@=\dimen135
\minCDarrowwidth=\dimen136
)
(/usr/share/texlive/texmf-dist/tex/latex/hyperref/hyperref.sty
Package: hyperref 2012/05/13 v6.82q Hypertext links for LaTeX

(/usr/share/texlive/texmf-dist/tex/generic/oberdiek/hobsub-hyperref.sty
Package: hobsub-hyperref 2012/05/28 v1.13 Bundle oberdiek, subset hyperref (HO)


(/usr/share/texlive/texmf-dist/tex/generic/oberdiek/hobsub-generic.sty
Package: hobsub-generic 2012/05/28 v1.13 Bundle oberdiek, subset generic (HO)
Package: hobsub 2012/05/28 v1.13 Construct package bundles (HO)
Package hobsub Info: Skipping package `infwarerr' (already loaded).
Package hobsub Info: Skipping package `ltxcmds' (already loaded).
Package: ifluatex 2010/03/01 v1.3 Provides the ifluatex switch (HO)
Package ifluatex Info: LuaTeX not detected.
Package hobsub Info: Skipping package `ifvtex' (already loaded).
Package: intcalc 2007/09/27 v1.1 Expandable calculations with integers (HO)
Package hobsub Info: Skipping package `ifpdf' (already loaded).
Package: etexcmds 2011/02/16 v1.5 Avoid name clashes with e-TeX commands (HO)
Package etexcmds Info: Could not find \expanded.
(etexcmds)             That can mean that you are not using pdfTeX 1.50 or
(etexcmds)             that some package has redefined \expanded.
(etexcmds)             In the latter case, load this package earlier.
Package: kvsetkeys 2012/04/25 v1.16 Key value parser (HO)
Package: kvdefinekeys 2011/04/07 v1.3 Define keys (HO)
Package: pdftexcmds 2011/11/29 v0.20 Utility functions of pdfTeX for LuaTeX (HO
)
Package pdftexcmds Info: LuaTeX not detected.
Package pdftexcmds Info: \pdf@primitive is available.
Package pdftexcmds Info: \pdf@ifprimitive is available.
Package pdftexcmds Info: \pdfdraftmode found.
Package: pdfescape 2011/11/25 v1.13 Implements pdfTeX's escape features (HO)
Package: bigintcalc 2012/04/08 v1.3 Expandable calculations on big integers (HO
)
Package: bitset 2011/01/30 v1.1 Handle bit-vector datatype (HO)
Package: uniquecounter 2011/01/30 v1.2 Provide unlimited unique counter (HO)
)
Package hobsub Info: Skipping package `hobsub' (already loaded).
Package: letltxmacro 2010/09/02 v1.4 Let assignment for LaTeX macros (HO)
Package: hopatch 2012/05/28 v1.2 Wrapper for package hooks (HO)
Package: xcolor-patch 2011/01/30 xcolor patch
Package: atveryend 2011/06/30 v1.8 Hooks at the very end of document (HO)
Package atveryend Info: \enddocument detected (standard20110627).
Package: atbegshi 2011/10/05 v1.16 At begin shipout hook (HO)
Package: refcount 2011/10/16 v3.4 Data extraction from label references (HO)
Package: hycolor 2011/01/30 v1.7 Color options for hyperref/bookmark (HO)
)
(/usr/share/texlive/texmf-dist/tex/latex/oberdiek/kvoptions.sty
Package: kvoptions 2011/06/30 v3.11 Key value format for package options (HO)
)
\@linkdim=\dimen137
\Hy@linkcounter=\count111
\Hy@pagecounter=\count112

(/usr/share/texlive/texmf-dist/tex/latex/hyperref/pd1enc.def
File: pd1enc.def 2012/05/13 v6.82q Hyperref: PDFDocEncoding definition (HO)
Now handling font encoding PD1 ...
... no UTF-8 mapping file for font encoding PD1
)
\Hy@SavedSpaceFactor=\count113

(/usr/share/texlive/texmf-dist/tex/latex/latexconfig/hyperref.cfg
File: hyperref.cfg 2002/06/06 v1.2 hyperref configuration of TeXLive
)
Package hyperref Info: Hyper figures OFF on input line 4062.
Package hyperref Info: Link nesting OFF on input line 4067.
Package hyperref Info: Hyper index ON on input line 4070.
Package hyperref Info: Plain pages OFF on input line 4077.
Package hyperref Info: Backreferencing OFF on input line 4082.
Package hyperref Info: Implicit mode ON; LaTeX internals redefined.
Package hyperref Info: Bookmarks ON on input line 4300.
\c@Hy@tempcnt=\count114

(/usr/share/texlive/texmf-dist/tex/latex/url/url.sty
\Urlmuskip=\muskip11
Package: url 2006/04/12  ver 3.3  Verb mode for urls, etc.
)
LaTeX Info: Redefining \url on input line 4653.
\Fld@menulength=\count115
\Field@Width=\dimen138
\Fld@charsize=\dimen139
Package hyperref Info: Hyper figures OFF on input line 5773.
Package hyperref Info: Link nesting OFF on input line 5778.
Package hyperref Info: Hyper index ON on input line 5781.
Package hyperref Info: backreferencing OFF on input line 5788.
Package hyperref Info: Link coloring OFF on input line 5793.
Package hyperref Info: Link coloring with OCG OFF on input line 5798.
Package hyperref Info: PDF/A mode OFF on input line 5803.
LaTeX Info: Redefining \ref on input line 5843.
LaTeX Info: Redefining \pageref on input line 5847.
\Hy@abspage=\count116
\c@Item=\count117
\c@Hfootnote=\count118
)

Package hyperref Message: Driver (autodetected): hpdftex.

(/usr/share/texlive/texmf-dist/tex/latex/hyperref/hpdftex.def
File: hpdftex.def 2012/05/13 v6.82q Hyperref driver for pdfTeX
\Fld@listcount=\count119
\c@bookmark@seq@number=\count120

(/usr/share/texlive/texmf-dist/tex/latex/oberdiek/rerunfilecheck.sty
Package: rerunfilecheck 2011/04/15 v1.7 Rerun checks for auxiliary files (HO)
Package uniquecounter Info: New unique counter `rerunfilecheck' on input line 2
82.
)
\Hy@SectionHShift=\skip62
)
(/usr/share/texlive/texmf-dist/tex/latex/graphics/lscape.sty
Package: lscape 2000/10/22 v3.01 Landscape Pages (DPC)
)
(/usr/share/texlive/texmf-dist/tex/latex/graphics/epsfig.sty
Package: epsfig 1999/02/16 v1.7a (e)psfig emulation (SPQR)
\epsfxsize=\dimen140
\epsfysize=\dimen141
)

LaTeX Warning: Unused global option(s):
    [9pt].

(./tercerinforme.aux
LaTeX Info: Redefining \. on input line 21.
LaTeX Info: Redefining \% on input line 21.


LaTeX Warning: Label `pro:lvl2:gena' multiply defined.


LaTeX Warning: Label `pro:lvl2:deu2' multiply defined.


LaTeX Warning: Label `pro:lvl2:deu2' multiply defined.

)
\openout1 = `tercerinforme.aux'.

LaTeX Font Info:    Checking defaults for OML/cmm/m/it on input line 37.
LaTeX Font Info:    ... okay on input line 37.
LaTeX Font Info:    Checking defaults for T1/cmr/m/n on input line 37.
LaTeX Font Info:    ... okay on input line 37.
LaTeX Font Info:    Checking defaults for OT1/cmr/m/n on input line 37.
LaTeX Font Info:    ... okay on input line 37.
LaTeX Font Info:    Checking defaults for OMS/cmsy/m/n on input line 37.
LaTeX Font Info:    ... okay on input line 37.
LaTeX Font Info:    Checking defaults for OMX/cmex/m/n on input line 37.
LaTeX Font Info:    ... okay on input line 37.
LaTeX Font Info:    Checking defaults for U/cmr/m/n on input line 37.
LaTeX Font Info:    ... okay on input line 37.
LaTeX Font Info:    Checking defaults for PD1/pdf/m/n on input line 37.
LaTeX Font Info:    ... okay on input line 37.
 (/usr/share/texlive/texmf-dist/tex/context/base/supp-pdf.mkii
[Loading MPS to PDF converter (version 2006.09.02).]
\scratchcounter=\count121
\scratchdimen=\dimen142
\scratchbox=\box30
\nofMPsegments=\count122
\nofMParguments=\count123
\everyMPshowfont=\toks36
\MPscratchCnt=\count124
\MPscratchDim=\dimen143
\MPnumerator=\count125
\makeMPintoPDFobject=\count126
\everyMPtoPDFconversion=\toks37
)
LaTeX Info: Redefining \. on input line 37.
LaTeX Info: Redefining \% on input line 37.

*geometry* driver: auto-detecting
*geometry* detected driver: pdftex
*geometry* verbose mode - [ preamble ] result:
* driver: pdftex
* paper: <default>
* layout: <same size as paper>
* layoutoffset:(h,v)=(0.0pt,0.0pt)
* modes: 
* h-part:(L,W,R)=(71.13188pt, 455.24411pt, 71.13188pt)
* v-part:(T,H,B)=(71.13188pt, 702.78308pt, 71.13188pt)
* \paperwidth=597.50787pt
* \paperheight=845.04684pt
* \textwidth=452.9679pt
* \textheight=670.50687pt
* \oddsidemargin=0.0pt
* \evensidemargin=0.0pt
* \topmargin=0.0pt
* \headheight=0.0pt
* \headsep=0.0pt
* \topskip=10.0pt
* \footskip=30.0pt
* \marginparwidth=65.0pt
* \marginparsep=11.0pt
* \columnsep=10.0pt
* \skip\footins=9.0pt plus 4.0pt minus 2.0pt
* \hoffset=0.0pt
* \voffset=0.0pt
* \mag=1000
* \@twocolumnfalse
* \@twosidefalse
* \@mparswitchfalse
* \@reversemarginfalse
* (1in=72.27pt=25.4mm, 1cm=28.453pt)

(/usr/share/texlive/texmf-dist/tex/latex/oberdiek/epstopdf-base.sty
Package: epstopdf-base 2010/02/09 v2.5 Base part for package epstopdf

(/usr/share/texlive/texmf-dist/tex/latex/oberdiek/grfext.sty
Package: grfext 2010/08/19 v1.1 Manage graphics extensions (HO)
)
Package grfext Info: Graphics extension search list:
(grfext)             [.png,.pdf,.jpg,.mps,.jpeg,.jbig2,.jb2,.PNG,.PDF,.JPG,.JPE
G,.JBIG2,.JB2,.eps]
(grfext)             \AppendGraphicsExtensions on input line 452.

(/usr/share/texlive/texmf-dist/tex/latex/latexconfig/epstopdf-sys.cfg
File: epstopdf-sys.cfg 2010/07/13 v1.3 Configuration of (r)epstopdf for TeX Liv
e
))
\AtBeginShipoutBox=\box31
Package hyperref Info: Link coloring OFF on input line 37.

(/usr/share/texlive/texmf-dist/tex/latex/hyperref/nameref.sty
Package: nameref 2010/04/30 v2.40 Cross-referencing by name of section

(/usr/share/texlive/texmf-dist/tex/generic/oberdiek/gettitlestring.sty
Package: gettitlestring 2010/12/03 v1.4 Cleanup title references (HO)
)
\c@section@level=\count127
)
LaTeX Info: Redefining \ref on input line 37.
LaTeX Info: Redefining \pageref on input line 37.
LaTeX Info: Redefining \nameref on input line 37.

(./tercerinforme.out) (./tercerinforme.out)
\@outlinefile=\write3
\openout3 = `tercerinforme.out'.

LaTeX Font Info:    Try loading font information for U+msa on input line 56.

(/usr/share/texlive/texmf-dist/tex/latex/amsfonts/umsa.fd
File: umsa.fd 2009/06/22 v3.00 AMS symbols A
)
LaTeX Font Info:    Try loading font information for U+msb on input line 56.

(/usr/share/texlive/texmf-dist/tex/latex/amsfonts/umsb.fd
File: umsb.fd 2009/06/22 v3.00 AMS symbols B
)
<logos.png, id=188, 153.57375pt x 169.63374pt>
File: logos.png Graphic file (type png)
 <use logos.png>
Package pdftex.def Info: logos.png used on input line 64.
(pdftex.def)             Requested size: 90.5922pt x 100.06749pt.
 [1

{/var/lib/texmf/fonts/map/pdftex/updmap/pdftex.map} <./logos.png>] (./tercerinf
orme.toc
LaTeX Info: Redefining \. on input line 1.
LaTeX Info: Redefining \% on input line 1.
)
\tf@toc=\write4
\openout4 = `tercerinforme.toc'.

pdfTeX warning (ext4): destination with the same identifier (name{page.1}) has 
been already used, duplicate ignored
<to be read again> 
                   \relax 
l.89 \newpage
              [1] (./tercerinforme.lof
LaTeX Info: Redefining \. on input line 1.
LaTeX Info: Redefining \% on input line 1.
)
\tf@lof=\write5
\openout5 = `tercerinforme.lof'.

 (./tercerinforme.lot
LaTeX Info: Redefining \. on input line 1.
LaTeX Info: Redefining \% on input line 1.
 [2] [3])
\tf@lot=\write6
\openout6 = `tercerinforme.lot'.

 [4]
Overfull \hbox (2.45209pt too wide) in paragraph at lines 99--99
[]\OT1/cmr/bx/n/14.4 CAP[]ITU-LO 1. PRE-SEN-TA-CI[]ON Y PLA-NI-FI-CA-CI[]ON DEL

 []


Underfull \hbox (badness 10000) in paragraph at lines 101--102

 []


Underfull \hbox (badness 10000) in paragraph at lines 103--104

 []


Underfull \hbox (badness 10000) in paragraph at lines 128--129

 []

[5]
Underfull \hbox (badness 10000) in paragraph at lines 136--137

 []


Underfull \hbox (badness 10000) in paragraph at lines 137--138

 []


Underfull \hbox (badness 10000) in paragraph at lines 146--147

 []


Underfull \hbox (badness 10000) in paragraph at lines 147--148

 []


Underfull \hbox (badness 10000) in paragraph at lines 148--149

 []


Underfull \hbox (badness 10000) in paragraph at lines 149--150

 []


Underfull \hbox (badness 10000) in paragraph at lines 150--151

 []

<dibujo.png, id=588, 1056.94875pt x 747.79375pt>
File: dibujo.png Graphic file (type png)
 <use dibujo.png>
Package pdftex.def Info: dibujo.png used on input line 154.
(pdftex.def)             Requested size: 271.7835pt x 192.28804pt.

Underfull \hbox (badness 10000) in paragraph at lines 160--161

 []

[6 <./dibujo.png>]
Underfull \hbox (badness 10000) in paragraph at lines 162--163

 []


Underfull \hbox (badness 10000) in paragraph at lines 164--165

 []


Underfull \hbox (badness 10000) in paragraph at lines 166--167

 []


Underfull \hbox (badness 10000) in paragraph at lines 187--188

 []


Underfull \hbox (badness 10000) in paragraph at lines 189--190

 []

[7] [8]
Underfull \hbox (badness 10000) in paragraph at lines 292--293

 []


Overfull \hbox (2.29948pt too wide) in paragraph at lines 298--310
 [] 
 []


Underfull \hbox (badness 10000) in paragraph at lines 317--318

 []


Underfull \hbox (badness 10000) in paragraph at lines 319--320

 []


Underfull \hbox (badness 10000) in paragraph at lines 321--322

 []

[9]
Underfull \hbox (badness 10000) in paragraph at lines 323--324

 []


Underfull \hbox (badness 10000) in paragraph at lines 327--328

 []


Underfull \hbox (badness 10000) in paragraph at lines 329--330

 []


Underfull \hbox (badness 10000) in paragraph at lines 331--332

 []


Underfull \hbox (badness 10000) in paragraph at lines 338--339

 []


Underfull \hbox (badness 10000) in paragraph at lines 340--341

 []


Underfull \hbox (badness 10000) in paragraph at lines 342--343

 []


Overfull \hbox (0.98286pt too wide) in paragraph at lines 344--345
[]\OT1/cmr/m/n/10 Cada usua-rio podr^^Sa mo-di-fi-car sus da-tos per-so-na-les:
 tel^^Sefo-nos de con-tac-to, di-rec-ci^^Son, co-rreo electr^^Soni-
 []


Underfull \hbox (badness 10000) in paragraph at lines 344--345

 []


Underfull \hbox (badness 10000) in paragraph at lines 346--347

 []


Underfull \hbox (badness 10000) in paragraph at lines 348--349

 []


Underfull \hbox (badness 10000) in paragraph at lines 350--351

 []


Underfull \hbox (badness 10000) in paragraph at lines 352--353

 []

[10]
Underfull \hbox (badness 10000) in paragraph at lines 354--355

 []


Underfull \hbox (badness 10000) in paragraph at lines 356--357

 []


Underfull \hbox (badness 10000) in paragraph at lines 358--359

 []


Underfull \hbox (badness 10000) in paragraph at lines 360--361

 []


Underfull \hbox (badness 10000) in paragraph at lines 362--363

 []


Underfull \hbox (badness 10000) in paragraph at lines 364--365

 []


Underfull \hbox (badness 10000) in paragraph at lines 366--367

 []


Underfull \hbox (badness 10000) in paragraph at lines 368--369

 []


Underfull \hbox (badness 10000) in paragraph at lines 370--371

 []


Underfull \hbox (badness 10000) in paragraph at lines 372--373

 []


Underfull \hbox (badness 10000) in paragraph at lines 374--375

 []


Underfull \hbox (badness 10000) in paragraph at lines 376--377

 []


Underfull \hbox (badness 10000) in paragraph at lines 378--379

 []


Underfull \hbox (badness 10000) in paragraph at lines 384--385

 []

[11]
Underfull \hbox (badness 10000) in paragraph at lines 386--387

 []


Underfull \hbox (badness 10000) in paragraph at lines 388--389

 []


Underfull \hbox (badness 10000) in paragraph at lines 390--391

 []


Underfull \hbox (badness 10000) in paragraph at lines 392--393

 []


Underfull \hbox (badness 10000) in paragraph at lines 394--395

 []


Underfull \hbox (badness 10000) in paragraph at lines 396--397

 []


Underfull \hbox (badness 10000) in paragraph at lines 398--399

 []


Underfull \hbox (badness 10000) in paragraph at lines 400--401

 []


Underfull \hbox (badness 10000) in paragraph at lines 402--403

 []


Underfull \hbox (badness 10000) in paragraph at lines 406--407

 []


Underfull \hbox (badness 10000) in paragraph at lines 408--409

 []


Underfull \hbox (badness 10000) in paragraph at lines 410--411

 []

[12] <DER.png, id=638, 469.755pt x 1130.2225pt>
File: DER.png Graphic file (type png)
 <use DER.png>
Package pdftex.def Info: DER.png used on input line 463.
(pdftex.def)             Requested size: 181.18439pt x 435.92169pt.
 [13] [14 <./DER.png>]
Overfull \hbox (2.64854pt too wide) in paragraph at lines 486--486
[]|\OT1/cmr/bx/n/10 PK| 
 []


Overfull \hbox (2.02354pt too wide) in paragraph at lines 486--486
[]|\OT1/cmr/bx/n/10 FK| 
 []


Overfull \hbox (1.46413pt too wide) in paragraph at lines 488--488
[]|\OT1/cmr/m/n/10 50| 
 []


Overfull \hbox (1.46413pt too wide) in paragraph at lines 490--490
[]|\OT1/cmr/m/n/10 10| 
 []


Overfull \hbox (1.46413pt too wide) in paragraph at lines 491--491
[]|\OT1/cmr/m/n/10 50| 
 []


Underfull \hbox (badness 10000) in paragraph at lines 498--501

 []


Overfull \hbox (2.64854pt too wide) in paragraph at lines 516--516
[]|\OT1/cmr/bx/n/10 PK| 
 []


Overfull \hbox (2.02354pt too wide) in paragraph at lines 516--516
[]|\OT1/cmr/bx/n/10 FK| 
 []


Overfull \hbox (1.46413pt too wide) in paragraph at lines 518--518
[]|\OT1/cmr/m/n/10 50| 
 []


Overfull \hbox (1.46413pt too wide) in paragraph at lines 519--519
[]|\OT1/cmr/m/n/10 30| 
 []


Overfull \hbox (0.60817pt too wide) in paragraph at lines 520--520
[]|\OT1/cmr/m/n/10 cop[]ap[]materno| 
 []


Overfull \hbox (1.46413pt too wide) in paragraph at lines 520--520
[]|\OT1/cmr/m/n/10 30| 
 []


Overfull \hbox (1.46413pt too wide) in paragraph at lines 522--522
[]|\OT1/cmr/m/n/10 50| 
 []


Overfull \hbox (1.46413pt too wide) in paragraph at lines 523--523
[]|\OT1/cmr/m/n/10 50| 
 []


Overfull \hbox (1.46413pt too wide) in paragraph at lines 524--524
[]|\OT1/cmr/m/n/10 10| 
 []


Overfull \hbox (4.57909pt too wide) in paragraph at lines 525--525
[]|\OT1/cmr/m/n/10 TIPO[]COPROPIETARIO| 
 []


Underfull \hbox (badness 10000) in paragraph at lines 530--533

 []


Overfull \hbox (4.4136pt too wide) in paragraph at lines 547--547
[]|\OT1/cmr/bx/n/10 COLUMNA| 
 []


Overfull \hbox (2.64854pt too wide) in paragraph at lines 547--547
[]|\OT1/cmr/bx/n/10 PK| 
 []


Overfull \hbox (2.02354pt too wide) in paragraph at lines 547--547
[]|\OT1/cmr/bx/n/10 FK| 
 []


Overfull \hbox (3.75728pt too wide) in paragraph at lines 551--551
[]|\OT1/cmr/m/n/10 ESTADO[]COPROPIETARIO| 
 []


Underfull \hbox (badness 10000) in paragraph at lines 555--558

 []

[15]
Overfull \hbox (2.64854pt too wide) in paragraph at lines 573--573
[]|\OT1/cmr/bx/n/10 PK| 
 []


Overfull \hbox (2.02354pt too wide) in paragraph at lines 573--573
[]|\OT1/cmr/bx/n/10 FK| 
 []


Overfull \hbox (4.24191pt too wide) in paragraph at lines 577--577
[]|\OT1/cmr/m/n/10 6,3| 
 []


Underfull \hbox (badness 10000) in paragraph at lines 581--584

 []


Overfull \hbox (2.64854pt too wide) in paragraph at lines 598--598
[]|\OT1/cmr/bx/n/10 PK| 
 []


Overfull \hbox (2.02354pt too wide) in paragraph at lines 598--598
[]|\OT1/cmr/bx/n/10 FK| 
 []


Overfull \hbox (1.46413pt too wide) in paragraph at lines 600--600
[]|\OT1/cmr/m/n/10 50| 
 []


Overfull \hbox (1.46413pt too wide) in paragraph at lines 601--601
[]|\OT1/cmr/m/n/10 30| 
 []


Overfull \hbox (1.46413pt too wide) in paragraph at lines 602--602
[]|\OT1/cmr/m/n/10 30| 
 []


Overfull \hbox (1.46413pt too wide) in paragraph at lines 603--603
[]|\OT1/cmr/m/n/10 15| 
 []


Overfull \hbox (1.46413pt too wide) in paragraph at lines 605--605
[]|\OT1/cmr/m/n/10 50| 
 []


Underfull \hbox (badness 10000) in paragraph at lines 608--611

 []


Overfull \hbox (2.64854pt too wide) in paragraph at lines 625--625
[]|\OT1/cmr/bx/n/10 PK| 
 []


Overfull \hbox (2.02354pt too wide) in paragraph at lines 625--625
[]|\OT1/cmr/bx/n/10 FK| 
 []


Overfull \hbox (6.46414pt too wide) in paragraph at lines 627--627
[]|\OT1/cmr/m/n/10 100| 
 []


Underfull \hbox (badness 10000) in paragraph at lines 634--637

 []


Overfull \hbox (2.64854pt too wide) in paragraph at lines 651--651
[]|\OT1/cmr/bx/n/10 PK| 
 []


Overfull \hbox (2.02354pt too wide) in paragraph at lines 651--651
[]|\OT1/cmr/bx/n/10 FK| 
 []


Overfull \hbox (1.46413pt too wide) in paragraph at lines 653--653
[]|\OT1/cmr/m/n/10 15| 
 []


Underfull \hbox (badness 10000) in paragraph at lines 656--659

 []


Overfull \hbox (2.64854pt too wide) in paragraph at lines 673--673
[]|\OT1/cmr/bx/n/10 PK| 
 []


Overfull \hbox (2.02354pt too wide) in paragraph at lines 673--673
[]|\OT1/cmr/bx/n/10 FK| 
 []


Overfull \hbox (6.46414pt too wide) in paragraph at lines 675--675
[]|\OT1/cmr/m/n/10 100| 
 []


Underfull \hbox (badness 10000) in paragraph at lines 675--675
[]|\OT1/cmr/m/n/10 Descripci^^Son del gas-to
 []


Overfull \hbox (2.64854pt too wide) in paragraph at lines 699--699
[]|\OT1/cmr/bx/n/10 PK| 
 []


Overfull \hbox (2.02354pt too wide) in paragraph at lines 699--699
[]|\OT1/cmr/bx/n/10 FK| 
 []


Overfull \hbox (1.46413pt too wide) in paragraph at lines 701--701
[]|\OT1/cmr/m/n/10 15| 
 []


Underfull \hbox (badness 10000) in paragraph at lines 704--707

 []


Overfull \hbox (2.64854pt too wide) in paragraph at lines 720--720
[]|\OT1/cmr/bx/n/10 PK| 
 []


Overfull \hbox (2.02354pt too wide) in paragraph at lines 720--720
[]|\OT1/cmr/bx/n/10 FK| 
 []


Overfull \hbox (2.89703pt too wide) in paragraph at lines 722--722
[]|\OT1/cmr/m/n/10 tcon[]descripcion| 
 []


Overfull \hbox (1.46413pt too wide) in paragraph at lines 722--722
[]|\OT1/cmr/m/n/10 50| 
 []


Underfull \hbox (badness 10000) in paragraph at lines 725--728

 []


Overfull \hbox (2.64854pt too wide) in paragraph at lines 742--742
[]|\OT1/cmr/bx/n/10 PK| 
 []


Overfull \hbox (2.02354pt too wide) in paragraph at lines 742--742
[]|\OT1/cmr/bx/n/10 FK| 
 []


Overfull \hbox (1.46413pt too wide) in paragraph at lines 744--744
[]|\OT1/cmr/m/n/10 10| 
 []


Underfull \hbox (badness 10000) in paragraph at lines 747--750

 []


Overfull \hbox (2.64854pt too wide) in paragraph at lines 764--764
[]|\OT1/cmr/bx/n/10 PK| 
 []


Overfull \hbox (2.02354pt too wide) in paragraph at lines 764--764
[]|\OT1/cmr/bx/n/10 FK| 
 []


Overfull \hbox (1.46413pt too wide) in paragraph at lines 766--766
[]|\OT1/cmr/m/n/10 15| 
 []


Underfull \hbox (badness 10000) in paragraph at lines 769--772

 []


Overfull \hbox (2.64854pt too wide) in paragraph at lines 786--786
[]|\OT1/cmr/bx/n/10 PK| 
 []


Overfull \hbox (2.02354pt too wide) in paragraph at lines 786--786
[]|\OT1/cmr/bx/n/10 FK| 
 []


Overfull \hbox (6.46414pt too wide) in paragraph at lines 789--789
[]|\OT1/cmr/m/n/10 100| 
 []


Underfull \hbox (badness 10000) in paragraph at lines 795--798

 []


Overfull \hbox (2.64854pt too wide) in paragraph at lines 812--812
[]|\OT1/cmr/bx/n/10 PK| 
 []


Overfull \hbox (2.02354pt too wide) in paragraph at lines 812--812
[]|\OT1/cmr/bx/n/10 FK| 
 []


Overfull \hbox (1.46413pt too wide) in paragraph at lines 814--814
[]|\OT1/cmr/m/n/10 10| 
 []


Underfull \hbox (badness 10000) in paragraph at lines 817--820

 []


Overfull \hbox (2.64854pt too wide) in paragraph at lines 834--834
[]|\OT1/cmr/bx/n/10 PK| 
 []


Overfull \hbox (2.02354pt too wide) in paragraph at lines 834--834
[]|\OT1/cmr/bx/n/10 FK| 
 []


Overfull \hbox (1.46413pt too wide) in paragraph at lines 836--836
[]|\OT1/cmr/m/n/10 20| 
 []


Overfull \hbox (6.46414pt too wide) in paragraph at lines 837--837
[]|\OT1/cmr/m/n/10 100| 
 []


Underfull \hbox (badness 10000) in paragraph at lines 841--844

 []


Overfull \hbox (2.64854pt too wide) in paragraph at lines 858--858
[]|\OT1/cmr/bx/n/10 PK| 
 []


Overfull \hbox (2.02354pt too wide) in paragraph at lines 858--858
[]|\OT1/cmr/bx/n/10 FK| 
 []


Overfull \hbox (1.46413pt too wide) in paragraph at lines 861--861
[]|\OT1/cmr/m/n/10 12| 
 []


Overfull \hbox (1.69148pt too wide) in paragraph at lines 862--862
[]|\OT1/cmr/m/n/10 deu[]fecha[]limite| 
 []


Overfull \hbox (3.35812pt too wide) in paragraph at lines 863--863
[]|\OT1/cmr/m/n/10 deu[]fecha[]cancel| 
 []


Underfull \hbox (badness 10000) in paragraph at lines 868--871

 []


Overfull \hbox (2.64854pt too wide) in paragraph at lines 885--885
[]|\OT1/cmr/bx/n/10 PK| 
 []


Overfull \hbox (2.02354pt too wide) in paragraph at lines 885--885
[]|\OT1/cmr/bx/n/10 FK| 
 []


Overfull \hbox (1.46413pt too wide) in paragraph at lines 887--887
[]|\OT1/cmr/m/n/10 10| 
 []


Underfull \hbox (badness 10000) in paragraph at lines 890--893

 []


Overfull \hbox (2.64854pt too wide) in paragraph at lines 907--907
[]|\OT1/cmr/bx/n/10 PK| 
 []


Overfull \hbox (2.02354pt too wide) in paragraph at lines 907--907
[]|\OT1/cmr/bx/n/10 FK| 
 []


Overfull \hbox (1.46413pt too wide) in paragraph at lines 909--909
[]|\OT1/cmr/m/n/10 50| 
 []


Overfull \hbox (1.46413pt too wide) in paragraph at lines 910--910
[]|\OT1/cmr/m/n/10 15| 
 []


Overfull \hbox (6.46414pt too wide) in paragraph at lines 911--911
[]|\OT1/cmr/m/n/10 100| 
 []


Underfull \hbox (badness 10000) in paragraph at lines 915--918

 []

[16] [17] [18] [19] [20] [21]
Overfull \hbox (2.64854pt too wide) in paragraph at lines 932--932
[]|\OT1/cmr/bx/n/10 PK| 
 []


Overfull \hbox (2.02354pt too wide) in paragraph at lines 932--932
[]|\OT1/cmr/bx/n/10 FK| 
 []


Overfull \hbox (1.46413pt too wide) in paragraph at lines 934--934
[]|\OT1/cmr/m/n/10 20| 
 []


Underfull \hbox (badness 10000) in paragraph at lines 937--940

 []


Overfull \hbox (2.64854pt too wide) in paragraph at lines 954--954
[]|\OT1/cmr/bx/n/10 PK| 
 []


Overfull \hbox (2.02354pt too wide) in paragraph at lines 954--954
[]|\OT1/cmr/bx/n/10 FK| 
 []


Overfull \hbox (1.46413pt too wide) in paragraph at lines 956--956
[]|\OT1/cmr/m/n/10 20| 
 []


Underfull \hbox (badness 10000) in paragraph at lines 960--963

 []


Overfull \hbox (2.64854pt too wide) in paragraph at lines 977--977
[]|\OT1/cmr/bx/n/10 PK| 
 []


Overfull \hbox (2.02354pt too wide) in paragraph at lines 977--977
[]|\OT1/cmr/bx/n/10 FK| 
 []


Underfull \hbox (badness 10000) in paragraph at lines 982--985

 []


Overfull \hbox (2.64854pt too wide) in paragraph at lines 998--998
[]|\OT1/cmr/bx/n/10 PK| 
 []


Overfull \hbox (2.02354pt too wide) in paragraph at lines 998--998
[]|\OT1/cmr/bx/n/10 FK| 
 []


Underfull \hbox (badness 10000) in paragraph at lines 1003--1006

 []


Underfull \hbox (badness 10000) in paragraph at lines 1003--1006

 []

[22] [23]

Package hyperref Warning: Token not allowed in a PDF string (PDFDocEncoding):
(hyperref)                removing `math shift' on input line 1017.


Package hyperref Warning: Token not allowed in a PDF string (PDFDocEncoding):
(hyperref)                removing `math shift' on input line 1017.

<Contexto1.png, id=691, 3203.97pt x 2794.44pt>
File: Contexto1.png Graphic file (type png)
 <use Contexto1.png>
Package pdftex.def Info: Contexto1.png used on input line 1043.
(pdftex.def)             Requested size: 452.9679pt x 395.0565pt.
 [24


]
<AreasComunesValidacion1.png, id=700, 2568.59625pt x 2765.33125pt>
File: AreasComunesValidacion1.png Graphic file (type png)

<use AreasComunesValidacion1.png>
Package pdftex.def Info: AreasComunesValidacion1.png used on input line 1054.
(pdftex.def)             Requested size: 452.9679pt x 487.65343pt.
 [25 <./Contexto1.png>]
<Deuda.png, id=707, 3086.53125pt x 2735.21875pt>
File: Deuda.png Graphic file (type png)
 <use Deuda.png>
Package pdftex.def Info: Deuda.png used on input line 1061.
(pdftex.def)             Requested size: 452.9679pt x 401.37534pt.
 [26 <./AreasComunesValidacion1.png>] <Gastos1.png, id=713, 719.73pt x 511.83pt
>
File: Gastos1.png Graphic file (type png)

<use Gastos1.png>
Package pdftex.def Info: Gastos1.png used on input line 1068.
(pdftex.def)             Requested size: 452.9679pt x 322.12659pt.
 [27 <./Deuda.png>]
<generaciondegraficos1.png, id=719, 704.88pt x 601.92pt>
File: generaciondegraficos1.png Graphic file (type png)

<use generaciondegraficos1.png>
Package pdftex.def Info: generaciondegraficos1.png used on input line 1075.
(pdftex.def)             Requested size: 452.9679pt x 386.79803pt.
 [28 <./Gastos1.png>]
<registroadmncopro1.png, id=724, 3572.34625pt x 2823.54875pt>
File: registroadmncopro1.png Graphic file (type png)

<use registroadmncopro1.png>
Package pdftex.def Info: registroadmncopro1.png used on input line 1082.
(pdftex.def)             Requested size: 407.66833pt x 322.18088pt.
 [29 <./generaciondegraficos1.png>]
<registroconjuntopropiedad.png, id=729, 3149.7675pt x 2107.875pt>
File: registroconjuntopropiedad.png Graphic file (type png)

<use registroconjuntopropiedad.png>
Package pdftex.def Info: registroconjuntopropiedad.png used on input line 1089.

(pdftex.def)             Requested size: 407.66833pt x 272.81116pt.

<Reportes.png, id=730, 3852.3925pt x 2647.8925pt>
File: Reportes.png Graphic file (type png)
 <use Reportes.png>
Package pdftex.def Info: Reportes.png used on input line 1096.
(pdftex.def)             Requested size: 543.56009pt x 373.57108pt.

Overfull \hbox (90.5922pt too wide) in paragraph at lines 1096--1098
 [][] 
 []

[30 <./registroadmncopro1.png> <./registroconjuntopropiedad.png>]
<tablabasicas.png, id=738, 3501.08pt x 2078.76625pt>
File: tablabasicas.png Graphic file (type png)
 <use tablabasicas.png>
Package pdftex.def Info: tablabasicas.png used on input line 1103.
(pdftex.def)             Requested size: 498.26744pt x 295.84663pt.

Overfull \hbox (45.29955pt too wide) in paragraph at lines 1103--1105
 [][] 
 []

[31 <./Reportes.png>] <Registrogasto.png, id=745, 3300.33pt x 2283.53125pt>
File: Registrogasto.png Graphic file (type png)

<use Registrogasto.png>
Package pdftex.def Info: Registrogasto.png used on input line 1113.
(pdftex.def)             Requested size: 407.66833pt x 282.06085pt.
 [32 <./tablabasicas.png>]
<deuda_nivel2.png, id=753, 4178.61125pt x 3199.955pt>
File: deuda_nivel2.png Graphic file (type png)
 <use deuda_nivel2.png>
Package pdftex.def Info: deuda_nivel2.png used on input line 1123.
(pdftex.def)             Requested size: 407.66833pt x 312.15305pt.

[33 <./Registrogasto.png>]
Underfull \hbox (badness 10000) in paragraph at lines 1160--1161

 []

[34 <./deuda_nivel2.png>] [35] [36

] [37

] [38] [39]
Overfull \vbox (51.7598pt too high) has occurred while \output is active []


[40] [41] [42

] [43] [44] [45] [46] [47] [48] [49] [50] [51] [52] [53] [54

]
[55] [56] [57

]
Overfull \hbox (7.88852pt too wide) in paragraph at lines 2604--2605
[]\OT1/cmr/m/n/10 Archivo[]excel[]gastos[]adicionales = pro[]num + tad[]nombre 
+ adi[]descripcion + adi[]costo + adi[]fecha. 
 []


Overfull \hbox (28.56635pt too wide) in paragraph at lines 2605--2606
[]\OT1/cmr/m/n/10 Conjunto[]residencial = con[]nombre + con[]fono + con[]fondo 
+ con[]direccion + tcon[]id + tcon[]descripcion. 
 []


Overfull \hbox (2.96062pt too wide) in paragraph at lines 2617--2618
\OT1/cmr/m/n/10 TI-PO[]ADICIONAL, ES-TA-DO[]COPROPIETARIO, ES-TA-DO[]DEUDA, ES-
TA-DO[]RESERVA, RE-
 []


Overfull \hbox (13.4608pt too wide) in paragraph at lines 2624--2625
[]\OT1/cmr/m/n/10 Reporte[]copropietario[]propiedad = pro[]numero + cop[]rut + 
cop[]nombres + cop[]ap[]pat + cop[]ap[]mat. 
 []


Overfull \hbox (19.48856pt too wide) in paragraph at lines 2625--2626
[]\OT1/cmr/m/n/10 Reporte[]deuda[]administrador = deu[]fecha + deu[]monto + deu
[]fecha[]limite + deu[]ede[]id + pro[]numero. 
 []

[58] <DES1.png, id=954, 952.30782pt x 331.99031pt>
File: DES1.png Graphic file (type png)
 <use DES1.png>
Package pdftex.def Info: DES1.png used on input line 2637.
(pdftex.def)             Requested size: 520.91031pt x 181.6074pt.

Overfull \hbox (67.94241pt too wide) in paragraph at lines 2637--2639
 [][] 
 []

File: DES1.png Graphic file (type png)
<use DES1.png>
Package pdftex.def Info: DES1.png used on input line 2644.
(pdftex.def)             Requested size: 520.91031pt x 181.6074pt.

Overfull \hbox (67.94241pt too wide) in paragraph at lines 2644--2646
 [][] 
 []


Overfull \hbox (13.24979pt too wide) in paragraph at lines 2661--2668
[][] 
 []

[59 <./DES1.png>]
Overfull \hbox (13.24979pt too wide) in paragraph at lines 2677--2688
[][] 
 []


Overfull \hbox (13.24979pt too wide) in paragraph at lines 2696--2707
[][] 
 []


Overfull \hbox (13.24979pt too wide) in paragraph at lines 2715--2722
[][] 
 []


Overfull \hbox (13.24979pt too wide) in paragraph at lines 2730--2737
[][] 
 []

[60]
Overfull \hbox (13.24979pt too wide) in paragraph at lines 2745--2752
[][] 
 []


Overfull \hbox (13.24979pt too wide) in paragraph at lines 2760--2767
[][] 
 []


Overfull \hbox (13.24979pt too wide) in paragraph at lines 2775--2782
[][] 
 []


Overfull \hbox (13.24979pt too wide) in paragraph at lines 2790--2797
[][] 
 []


Overfull \hbox (13.24979pt too wide) in paragraph at lines 2805--2816
[][] 
 []

[61]
Overfull \hbox (13.24979pt too wide) in paragraph at lines 2824--2834
[][] 
 []


Overfull \hbox (13.24979pt too wide) in paragraph at lines 2842--2854
[][] 
 []


Overfull \hbox (13.24979pt too wide) in paragraph at lines 2862--2873
[][] 
 []

[62]
Overfull \hbox (13.24979pt too wide) in paragraph at lines 2881--2892
[][] 
 []


Overfull \hbox (13.24979pt too wide) in paragraph at lines 2901--2912
[][] 
 []


Overfull \hbox (13.24979pt too wide) in paragraph at lines 2920--2931
[][] 
 []

[63]
Overfull \hbox (13.24979pt too wide) in paragraph at lines 2939--2947
[][] 
 []


Overfull \hbox (13.24979pt too wide) in paragraph at lines 2955--2963
[][] 
 []


Overfull \hbox (13.24979pt too wide) in paragraph at lines 2972--2984
[][] 
 []


Overfull \hbox (13.24979pt too wide) in paragraph at lines 2992--3004
[][] 
 []

[64]
Overfull \hbox (13.24979pt too wide) in paragraph at lines 3012--3020
[][] 
 []


Overfull \hbox (13.24979pt too wide) in paragraph at lines 3028--3035
[][] 
 []


Overfull \hbox (13.24979pt too wide) in paragraph at lines 3044--3051
[][] 
 []


Overfull \hbox (13.24979pt too wide) in paragraph at lines 3059--3069
[][] 
 []

[65]
Overfull \hbox (13.24979pt too wide) in paragraph at lines 3077--3087
[][] 
 []


Overfull \hbox (13.24979pt too wide) in paragraph at lines 3095--3102
[][] 
 []


Overfull \hbox (13.24979pt too wide) in paragraph at lines 3111--3122
[][] 
 []


Overfull \hbox (13.24979pt too wide) in paragraph at lines 3130--3138
[][] 
 []

[66]
Overfull \hbox (13.24979pt too wide) in paragraph at lines 3147--3155
[][] 
 []


Overfull \hbox (13.24979pt too wide) in paragraph at lines 3163--3175
[][] 
 []


Overfull \hbox (13.24979pt too wide) in paragraph at lines 3184--3196
[][] 
 []


Overfull \hbox (13.24979pt too wide) in paragraph at lines 3205--3217
[][] 
 []

[67]
Overfull \hbox (13.24979pt too wide) in paragraph at lines 3225--3237
[][] 
 []


Overfull \hbox (13.24979pt too wide) in paragraph at lines 3245--3257
[][] 
 []


Overfull \hbox (13.24979pt too wide) in paragraph at lines 3265--3277
[][] 
 []

[68]
Overfull \hbox (13.24979pt too wide) in paragraph at lines 3285--3297
[][] 
 []


Overfull \hbox (13.24979pt too wide) in paragraph at lines 3305--3317
[][] 
 []


Overfull \hbox (13.24979pt too wide) in paragraph at lines 3325--3337
[][] 
 []

[69]
Underfull \hbox (badness 10000) in paragraph at lines 3380--3381

 []

[70]
Underfull \hbox (badness 10000) in paragraph at lines 3382--3383

 []


Underfull \hbox (badness 10000) in paragraph at lines 3384--3385

 []


Underfull \hbox (badness 10000) in paragraph at lines 3386--3387

 []


Underfull \hbox (badness 10000) in paragraph at lines 3392--3393

 []


Underfull \hbox (badness 10000) in paragraph at lines 3394--3395

 []


Underfull \hbox (badness 10000) in paragraph at lines 3396--3397

 []


Underfull \hbox (badness 10000) in paragraph at lines 3398--3399

 []


Underfull \hbox (badness 10000) in paragraph at lines 3400--3401

 []

[71] [72]
Package atveryend Info: Empty hook `BeforeClearDocument' on input line 3413.
Package atveryend Info: Empty hook `AfterLastShipout' on input line 3413.
 (./tercerinforme.aux
LaTeX Info: Redefining \. on input line 21.
LaTeX Info: Redefining \% on input line 21.
)
Package atveryend Info: Executing hook `AtVeryEndDocument' on input line 3413.
Package atveryend Info: Executing hook `AtEndAfterFileList' on input line 3413.

Package rerunfilecheck Info: File `tercerinforme.out' has not changed.
(rerunfilecheck)             Checksum: 9267581F9CE9ACB2B01D03C9BEDC8E96;3922.


LaTeX Warning: There were multiply-defined labels.

Package atveryend Info: Empty hook `AtVeryVeryEnd' on input line 3413.
 ) 
Here is how much of TeX's memory you used:
 8438 strings out of 493485
 117492 string characters out of 3143526
 332697 words of memory out of 3000000
 11177 multiletter control sequences out of 15000+200000
 12677 words of font info for 49 fonts, out of 3000000 for 9000
 957 hyphenation exceptions out of 8191
 34i,13n,43p,693b,672s stack positions out of 5000i,500n,10000p,200000b,50000s
</usr/share/texlive/texmf-dist/fonts/type1/public/amsfonts/cm/cmbx10.pfb></us
r/share/texlive/texmf-dist/fonts/type1/public/amsfonts/cm/cmbx12.pfb></usr/shar
e/texlive/texmf-dist/fonts/type1/public/amsfonts/cm/cmbxti10.pfb></usr/share/te
xlive/texmf-dist/fonts/type1/public/amsfonts/cm/cmcsc10.pfb></usr/share/texlive
/texmf-dist/fonts/type1/public/amsfonts/cm/cmmi10.pfb></usr/share/texlive/texmf
-dist/fonts/type1/public/amsfonts/cm/cmmi12.pfb></usr/share/texlive/texmf-dist/
fonts/type1/public/amsfonts/cm/cmmi7.pfb></usr/share/texlive/texmf-dist/fonts/t
ype1/public/amsfonts/cm/cmr10.pfb></usr/share/texlive/texmf-dist/fonts/type1/pu
blic/amsfonts/cm/cmr17.pfb></usr/share/texlive/texmf-dist/fonts/type1/public/am
sfonts/cm/cmr7.pfb></usr/share/texlive/texmf-dist/fonts/type1/public/amsfonts/c
m/cmsy10.pfb></usr/share/texlive/texmf-dist/fonts/type1/public/amsfonts/cm/cmsy
7.pfb></usr/share/texlive/texmf-dist/fonts/type1/public/amsfonts/cm/cmti10.pfb>
</usr/share/texlive/texmf-dist/fonts/type1/public/amsfonts/cm/cmtt10.pfb>
Output written on tercerinforme.pdf (73 pages, 2443238 bytes).
PDF statistics:
 1247 PDF objects out of 1440 (max. 8388607)
 1120 compressed objects within 12 object streams
 416 named destinations out of 1000 (max. 500000)
 444 words of extra memory for PDF output out of 10000 (max. 10000000)

